2025-07-01 05:48:58,650 - INFO - Starting optimization)
2025-07-01 05:48:58,650 - INFO - Generic model: ../final_results/generic_scaled/scaled_model.osim
2025-07-01 05:48:58,651 - INFO - Personalized model: ../final_results/personalized/tps_skin_wrp_updated.osim
2025-07-01 05:48:58,653 - INFO - Loading generic model from ../final_results/generic_scaled/scaled_model.osim
2025-07-01 05:48:58,716 - INFO - Loading personalized model from ../final_results/personalized/tps_skin_wrp_updated.osim
2025-07-01 05:48:58,775 - INFO - AdjustPersonal initialized successfully
2025-07-01 05:48:58,777 - INFO - Processing 6 muscles
2025-07-01 05:48:58,777 - INFO -  ------------ Processing muscle 1/6: gasmed_r ----------------
2025-07-01 05:48:58,794 - INFO - Processing knee joint muscle (right): gasmed_r
2025-07-01 05:48:58,809 - INFO - Processing muscle gasmed_r for coordinate knee_angle_r
2025-07-01 05:48:59,634 - INFO - Initial error: 0.004258, drop: 0
2025-07-01 05:48:59,638 - INFO - Optimizing muscle path points for gasmed_r on coordinate knee_angle_r
2025-07-01 05:48:59,639 - INFO - ***Optimizing point 0 for gasmed_r on coordinate knee_angle_r***
2025-07-01 05:49:00,072 - INFO - Initial m.a.error: 0.004258, initial drop: 0
2025-07-01 05:49:00,072 - INFO - Starting simplified grid search
2025-07-01 05:49:00,072 - INFO - Grid dimensions: 5x5x5 = 125 points
2025-07-01 05:49:00,540 - INFO - Original obj.funct.error 0.03722347645653436
2025-07-01 05:49:02,926 - INFO - Grid search progress: 5/125
2025-07-01 05:49:05,247 - INFO - Grid search progress: 10/125
2025-07-01 05:49:07,518 - INFO - Grid search progress: 15/125
2025-07-01 05:49:09,779 - INFO - Grid search progress: 20/125
2025-07-01 05:49:13,761 - INFO - Grid search progress: 25/125
2025-07-01 05:49:17,781 - INFO - Grid search progress: 30/125
2025-07-01 05:49:21,897 - INFO - Grid search progress: 35/125
2025-07-01 05:49:26,073 - INFO - Grid search progress: 40/125
2025-07-01 05:49:30,827 - INFO - Grid search progress: 45/125
2025-07-01 05:49:34,840 - INFO - Grid search progress: 50/125
2025-07-01 05:49:37,457 - INFO - Grid search progress: 55/125
2025-07-01 05:49:40,888 - INFO - Grid search progress: 60/125
2025-07-01 05:49:44,583 - INFO - Grid search progress: 65/125
2025-07-01 05:49:45,705 - INFO - New best point: [ 0.00722706 -0.34827934 -0.03195728], obj.funct.error: 0.03721954848985489, m.a.error 0.0033647212983564955, drop: 0
2025-07-01 05:49:46,803 - INFO - New best point: [ 0.00722706 -0.34827934 -0.02695728], obj.funct.error: 0.03564438215296854, m.a.error 0.0035039250152530347, drop: 0
2025-07-01 05:49:47,937 - INFO - New best point: [ 0.00722706 -0.34827934 -0.02195728], obj.funct.error: 0.03509955334079608, m.a.error 0.003651297205250657, drop: 0
2025-07-01 05:49:49,083 - INFO - Grid search progress: 70/125
2025-07-01 05:49:51,253 - INFO - New best point: [ 0.00722706 -0.34327934 -0.02195728], obj.funct.error: 0.03491391477002134, m.a.error 0.00568921335641672, drop: 0
2025-07-01 05:49:52,274 - INFO - Grid search progress: 75/125
2025-07-01 05:49:54,823 - INFO - Grid search progress: 80/125
2025-07-01 05:49:57,243 - INFO - Grid search progress: 85/125
2025-07-01 05:49:58,179 - INFO - New best point: [ 0.01222706 -0.35327934 -0.03195728], obj.funct.error: 0.021720742849520386, m.a.error 0.002557605063010081, drop: 0
2025-07-01 05:49:59,149 - INFO - New best point: [ 0.01222706 -0.35327934 -0.02695728], obj.funct.error: 0.020446133852552006, m.a.error 0.002488373816419409, drop: 0
2025-07-01 05:50:00,099 - INFO - New best point: [ 0.01222706 -0.35327934 -0.02195728], obj.funct.error: 0.020285461273717442, m.a.error 0.002452268695664882, drop: 0
2025-07-01 05:50:01,054 - INFO - Grid search progress: 90/125
2025-07-01 05:50:02,025 - INFO - New best point: [ 0.01222706 -0.34827934 -0.03195728], obj.funct.error: 0.015252770903884461, m.a.error 0.0015992626622746797, drop: 0
2025-07-01 05:50:02,982 - INFO - New best point: [ 0.01222706 -0.34827934 -0.02695728], obj.funct.error: 0.01383351024736669, m.a.error 0.0017089273047743048, drop: 0
2025-07-01 05:50:03,929 - INFO - New best point: [ 0.01222706 -0.34827934 -0.02195728], obj.funct.error: 0.013573070105065551, m.a.error 0.0018665737915359063, drop: 0
2025-07-01 05:50:04,924 - INFO - Grid search progress: 95/125
2025-07-01 05:50:07,327 - INFO - Grid search progress: 100/125
2025-07-01 05:50:09,769 - INFO - Grid search progress: 105/125
2025-07-01 05:50:12,251 - INFO - Grid search progress: 110/125
2025-07-01 05:50:14,761 - INFO - Grid search progress: 115/125
2025-07-01 05:50:16,752 - INFO - New best point: [ 0.01722706 -0.34827934 -0.02195728], obj.funct.error: 0.012701705087808168, m.a.error 0.0025092661062153777, drop: 0
2025-07-01 05:50:17,693 - INFO - Grid search progress: 120/125
2025-07-01 05:50:20,115 - INFO - Grid search progress: 125/125
2025-07-01 05:50:20,115 - INFO - Grid search complete. Best m.a.error: 0.0025092661062153777, best drop: 0
2025-07-01 05:50:20,115 - INFO - Starting local optimization from best grid point
2025-07-01 05:50:35,947 - INFO - Optimization result: optim.func.val 0.007919261214602517, m.a.error=0.001051, drop=0, displacement=0.008267m
2025-07-01 05:50:35,948 - INFO - Solution accepted: Significant ma improvement (>10%)
2025-07-01 05:50:35,949 - INFO - Solution accepted: Smaller error and zero drop
2025-07-01 05:50:35,983 - INFO - Applied new location: [ 0.01465407 -0.34968557 -0.02144048]. Old location: [ 0.00722706 -0.35327934 -0.02195728]
2025-07-01 05:50:36,036 - INFO -  ------------ Processing muscle 2/6: gasmed_l ----------------
2025-07-01 05:50:36,084 - INFO - Processing knee joint muscle (left): gasmed_l
2025-07-01 05:50:36,115 - INFO - Processing muscle gasmed_l for coordinate knee_angle_l
2025-07-01 05:50:37,741 - INFO - Initial error: 0.006435, drop: 1
2025-07-01 05:50:37,742 - INFO - Optimizing muscle path points for gasmed_l on coordinate knee_angle_l
2025-07-01 05:50:37,743 - INFO - ***Optimizing point 0 for gasmed_l on coordinate knee_angle_l***
2025-07-01 05:50:38,616 - INFO - Initial m.a.error: 0.006435, initial drop: 1
2025-07-01 05:50:38,620 - INFO - Starting simplified grid search
2025-07-01 05:50:38,620 - INFO - Grid dimensions: 5x5x5 = 125 points
2025-07-01 05:50:39,491 - INFO - Original obj.funct.error 10.046462167772008
2025-07-01 05:50:44,233 - INFO - Grid search progress: 5/125
2025-07-01 05:50:49,150 - INFO - Grid search progress: 10/125
2025-07-01 05:50:53,320 - INFO - Grid search progress: 15/125
2025-07-01 05:50:56,958 - INFO - Grid search progress: 20/125
2025-07-01 05:51:00,459 - INFO - Grid search progress: 25/125
2025-07-01 05:51:04,100 - INFO - Grid search progress: 30/125
2025-07-01 05:51:07,778 - INFO - Grid search progress: 35/125
2025-07-01 05:51:11,254 - INFO - Grid search progress: 40/125
2025-07-01 05:51:14,654 - INFO - Grid search progress: 45/125
2025-07-01 05:51:18,322 - INFO - Grid search progress: 50/125
2025-07-01 05:51:21,910 - INFO - Grid search progress: 55/125
2025-07-01 05:51:22,561 - INFO - New best point: [ 0.00148087 -0.36475967  0.03173988], obj.funct.error: 0.0587203149358686, m.a.error 0.007836526632440713, drop: 0
2025-07-01 05:51:26,194 - INFO - Grid search progress: 60/125
2025-07-01 05:51:30,046 - INFO - Grid search progress: 65/125
2025-07-01 05:51:33,660 - INFO - Grid search progress: 70/125
2025-07-01 05:51:37,221 - INFO - Grid search progress: 75/125
2025-07-01 05:51:38,774 - INFO - New best point: [ 0.00648087 -0.36475967  0.01173988], obj.funct.error: 0.04887179040937982, m.a.error 0.005536699749715787, drop: 0
2025-07-01 05:51:40,156 - INFO - New best point: [ 0.00648087 -0.36475967  0.01673988], obj.funct.error: 0.04685841258975795, m.a.error 0.00547810814445378, drop: 0
2025-07-01 05:51:41,534 - INFO - New best point: [ 0.00648087 -0.36475967  0.02173988], obj.funct.error: 0.04577271360038679, m.a.error 0.005494314710587358, drop: 0
2025-07-01 05:51:43,088 - INFO - Grid search progress: 80/125
2025-07-01 05:51:44,515 - INFO - New best point: [ 0.00648087 -0.35975967  0.01173988], obj.funct.error: 0.04016345867914313, m.a.error 0.0037084360002826466, drop: 0
2025-07-01 05:51:46,063 - INFO - New best point: [ 0.00648087 -0.35975967  0.01673988], obj.funct.error: 0.03784486570189258, m.a.error 0.003574281322798446, drop: 0
2025-07-01 05:51:47,531 - INFO - New best point: [ 0.00648087 -0.35975967  0.02173988], obj.funct.error: 0.036534012998877645, m.a.error 0.003441075542289892, drop: 0
2025-07-01 05:51:49,027 - INFO - Grid search progress: 85/125
2025-07-01 05:51:50,386 - INFO - New best point: [ 0.00648087 -0.35475967  0.01173988], obj.funct.error: 0.03489992036394909, m.a.error 0.00471370239088805, drop: 0
2025-07-01 05:51:51,705 - INFO - New best point: [ 0.00648087 -0.35475967  0.01673988], obj.funct.error: 0.03258718736915335, m.a.error 0.004587180808937385, drop: 0
2025-07-01 05:51:53,121 - INFO - New best point: [ 0.00648087 -0.35475967  0.02173988], obj.funct.error: 0.031296202879493036, m.a.error 0.00446054698272278, drop: 0
2025-07-01 05:51:54,523 - INFO - Grid search progress: 90/125
2025-07-01 05:51:55,896 - INFO - New best point: [ 0.00648087 -0.34975967  0.01173988], obj.funct.error: 0.031026055930202356, m.a.error 0.007612979384455062, drop: 0
2025-07-01 05:51:57,279 - INFO - New best point: [ 0.00648087 -0.34975967  0.01673988], obj.funct.error: 0.0292821358427216, m.a.error 0.0074795778917663034, drop: 0
2025-07-01 05:51:58,834 - INFO - New best point: [ 0.00648087 -0.34975967  0.02173988], obj.funct.error: 0.02854396064907751, m.a.error 0.007347916998040311, drop: 0
2025-07-01 05:52:00,324 - INFO - Grid search progress: 95/125
2025-07-01 05:52:01,798 - INFO - New best point: [ 0.00648087 -0.34475967  0.01173988], obj.funct.error: 0.026405528101898165, m.a.error 0.011339717929586317, drop: 0
2025-07-01 05:52:03,272 - INFO - New best point: [ 0.00648087 -0.34475967  0.01673988], obj.funct.error: 0.02544536377571848, m.a.error 0.011207575044974594, drop: 0
2025-07-01 05:52:04,745 - INFO - New best point: [ 0.00648087 -0.34475967  0.02173988], obj.funct.error: 0.02533525957951449, m.a.error 0.011068048546804326, drop: 0
2025-07-01 05:52:06,184 - INFO - Grid search progress: 100/125
2025-07-01 05:52:09,786 - INFO - Grid search progress: 105/125
2025-07-01 05:52:11,231 - INFO - New best point: [ 0.01148087 -0.35975967  0.01173988], obj.funct.error: 0.021170182498706225, m.a.error 0.0014715162138202705, drop: 0
2025-07-01 05:52:12,694 - INFO - New best point: [ 0.01148087 -0.35975967  0.01673988], obj.funct.error: 0.018936102558925607, m.a.error 0.0013201210792229859, drop: 0
2025-07-01 05:52:14,221 - INFO - New best point: [ 0.01148087 -0.35975967  0.02173988], obj.funct.error: 0.01763840023314512, m.a.error 0.0011828592299980584, drop: 0
2025-07-01 05:52:15,723 - INFO - New best point: [ 0.01148087 -0.35975967  0.02673988], obj.funct.error: 0.017542903278148305, m.a.error 0.0010909613583052669, drop: 0
2025-07-01 05:52:16,492 - INFO - Grid search progress: 110/125
2025-07-01 05:52:18,126 - INFO - New best point: [ 0.01148087 -0.35475967  0.01173988], obj.funct.error: 0.015723197991127133, m.a.error 0.0038017948540857555, drop: 0
2025-07-01 05:52:19,741 - INFO - New best point: [ 0.01148087 -0.35475967  0.01673988], obj.funct.error: 0.013983247232200412, m.a.error 0.0036535799623028642, drop: 0
2025-07-01 05:52:21,178 - INFO - New best point: [ 0.01148087 -0.35475967  0.02173988], obj.funct.error: 0.013184382498237526, m.a.error 0.003501595658162186, drop: 0
2025-07-01 05:52:22,616 - INFO - Grid search progress: 115/125
2025-07-01 05:52:26,565 - INFO - Grid search progress: 120/125
2025-07-01 05:52:30,084 - INFO - Grid search progress: 125/125
2025-07-01 05:52:30,084 - INFO - Grid search complete. Best m.a.error: 0.003501595658162186, best drop: 0
2025-07-01 05:52:30,084 - INFO - Starting local optimization from best grid point
2025-07-01 05:52:53,633 - INFO - Optimization result: optim.func.val 0.01286904558245614, m.a.error=0.004131, drop=0, displacement=0.010052m
2025-07-01 05:52:53,634 - INFO - Solution accepted: Significant ma improvement (>10%)
2025-07-01 05:52:53,636 - INFO - Solution accepted: Drop eliminated with reasonable displacement
2025-07-01 05:52:53,680 - INFO - Applied new location: [ 0.01148087 -0.35387392  0.02225024]. Old location: [ 0.00148087 -0.35475967  0.02173988]
2025-07-01 05:52:53,750 - INFO -  ------------ Processing muscle 3/6: tfl_r ----------------
2025-07-01 05:52:53,781 - INFO - Processing hip joint muscle: tfl_r
2025-07-01 05:52:53,782 - INFO - Processing hip muscle tfl_r affecting coordinates: ['hip_rotation_r', 'hip_flexion_r', 'hip_adduction_r']
2025-07-01 05:52:53,784 - INFO - Processing muscle tfl_r for coordinates: ['hip_rotation_r', 'hip_flexion_r', 'hip_adduction_r']
2025-07-01 05:52:58,276 - INFO - Original errors: [0.002680759510719061, 0.007890797987885364, 0.015026803395378105]
2025-07-01 05:52:58,276 - INFO - Original drops: [0, 0, 1]
2025-07-01 05:52:58,276 - INFO - Adjustments needed, finding common adjustable points
2025-07-01 05:52:58,276 - INFO - Found 3 common adjustable points
2025-07-01 05:52:58,285 - INFO - Attempting to optimize point 0
2025-07-01 05:52:58,339 - INFO - ***Optimizing point 0 for tfl_r on coordinates ['hip_rotation_r', 'hip_flexion_r', 'hip_adduction_r']***
2025-07-01 05:53:00,493 - INFO - Initial errors: [0.002680759510719061, 0.007890797987885364, 0.015026803395378105]
2025-07-01 05:53:00,493 - INFO - Initial drops: [0, 0, 1]
2025-07-01 05:53:00,493 - INFO - Initial error sum: 0.025598360893982527, drop count: 1
2025-07-01 05:53:00,493 - INFO - Starting simplified grid search
2025-07-01 05:53:00,509 - INFO - Grid dimensions: 4x4x5 = 80 points
2025-07-01 05:53:02,695 - INFO - Original objective function: 10.113161820169895
2025-07-01 05:53:04,858 - INFO - Grid search progress: 1/80
2025-07-01 05:53:07,193 - INFO - Found better point: [-0.0196101  0.0103721  0.1153979], objective function: 0.13486995222040307, error sum: 0.034612254906797, drops: 0
2025-07-01 05:53:11,591 - INFO - Found better point: [-0.0196101  0.0103721  0.1178979], objective function: 0.12109635664879548, error sum: 0.03172687276039413, drops: 0
2025-07-01 05:53:16,082 - INFO - Found better point: [-0.0196101  0.0103721  0.1203979], objective function: 0.10776469477479968, error sum: 0.029034218960610772, drops: 0
2025-07-01 05:53:20,318 - INFO - Found better point: [-0.0196101  0.0103721  0.1228979], objective function: 0.09516507155991595, error sum: 0.0264734367043091, drops: 0
2025-07-01 05:53:24,319 - INFO - Found better point: [-0.0196101  0.0103721  0.1253979], objective function: 0.08941525956373485, error sum: 0.024332770729253148, drops: 0
2025-07-01 05:53:26,449 - INFO - Grid search progress: 6/80
2025-07-01 05:53:36,316 - INFO - Found better point: [-0.0196101   0.01370544  0.1253979 ], objective function: 0.0867761430164904, error sum: 0.024408698335416076, drops: 0
2025-07-01 05:53:38,210 - INFO - Grid search progress: 11/80
2025-07-01 05:53:47,432 - INFO - Grid search progress: 16/80
2025-07-01 05:53:56,407 - INFO - Grid search progress: 21/80
2025-07-01 05:54:05,308 - INFO - Found better point: [-0.01627676  0.0103721   0.1253979 ], objective function: 0.07832831694111803, error sum: 0.019810800826269983, drops: 0
2025-07-01 05:54:06,951 - INFO - Grid search progress: 26/80
2025-07-01 05:54:14,724 - INFO - Grid search progress: 31/80
2025-07-01 05:54:22,187 - INFO - Grid search progress: 36/80
2025-07-01 05:54:29,683 - INFO - Grid search progress: 41/80
2025-07-01 05:54:37,066 - INFO - Found better point: [-0.01294343  0.0103721   0.1253979 ], objective function: 0.0757585327900376, error sum: 0.016811875476565204, drops: 0
2025-07-01 05:54:38,585 - INFO - Grid search progress: 46/80
2025-07-01 05:54:46,001 - INFO - Grid search progress: 51/80
2025-07-01 05:54:55,746 - INFO - Grid search progress: 56/80
2025-07-01 05:55:03,362 - INFO - Grid search progress: 61/80
2025-07-01 05:55:10,894 - INFO - Grid search progress: 66/80
2025-07-01 05:55:18,218 - INFO - Grid search progress: 71/80
2025-07-01 05:55:25,500 - INFO - Grid search progress: 76/80
2025-07-01 05:55:31,304 - INFO - Grid search progress: 80/80
2025-07-01 05:55:31,306 - INFO - Grid search complete. Best error sum: 0.016811875476565204, best drop count: 0
2025-07-01 05:55:31,306 - INFO - Starting local optimization from best grid point
2025-07-01 05:56:05,303 - INFO - Optimization result: error sum=0.01705897176951948, drop count=0, displacement=0.007194m
2025-07-01 05:56:05,304 - INFO - Optimization accepted: Some error improvement with no increase in drops
2025-07-01 05:56:05,328 - INFO - Applied optimization solution: [-0.01328644  0.0103721   0.1253979 ]. Old location: [-0.0146101  0.0153721  0.1203979]
2025-07-01 05:56:06,834 - INFO - After optimizing point 0: error_sum=0.01705897176951948, drop_count=0
2025-07-01 05:56:06,834 - INFO - Point 0 reduces drops from 1 to 0
2025-07-01 05:56:06,834 - INFO - New best point: 0 (displacement: 0.007194m)
2025-07-01 05:56:06,834 - INFO - Attempting to optimize point 1
2025-07-01 05:56:06,883 - INFO - ***Optimizing point 1 for tfl_r on coordinates ['hip_rotation_r', 'hip_flexion_r', 'hip_adduction_r']***
2025-07-01 05:56:08,379 - INFO - Initial errors: [0.002123693516271311, 0.004980636448442979, 0.009954641804805188]
2025-07-01 05:56:08,379 - INFO - Initial drops: [0, 0, 0]
2025-07-01 05:56:08,379 - INFO - Initial error sum: 0.01705897176951948, drop count: 0
2025-07-01 05:56:08,379 - INFO - Starting simplified grid search
2025-07-01 05:56:08,386 - INFO - Grid dimensions: 4x4x5 = 80 points
2025-07-01 05:56:09,947 - INFO - Original objective function: 0.07213968213991305
2025-07-01 05:56:11,551 - INFO - Grid search progress: 1/80
2025-07-01 05:56:19,329 - INFO - Grid search progress: 6/80
2025-07-01 05:56:26,985 - INFO - Grid search progress: 11/80
2025-07-01 05:56:34,501 - INFO - Grid search progress: 16/80
2025-07-01 05:56:42,039 - INFO - Grid search progress: 21/80
2025-07-01 05:56:49,464 - INFO - Grid search progress: 26/80
2025-07-01 05:56:56,855 - INFO - Grid search progress: 31/80
2025-07-01 05:57:04,366 - INFO - Grid search progress: 36/80
2025-07-01 05:57:11,658 - INFO - Grid search progress: 41/80
2025-07-01 05:57:19,739 - INFO - Grid search progress: 46/80
2025-07-01 05:57:24,249 - INFO - Found better point: [ 0.02277181 -0.10569168  0.04637641], objective function: 0.06538785685528711, error sum: 0.016776532560721497, drops: 0
2025-07-01 05:57:28,735 - INFO - Grid search progress: 51/80
2025-07-01 05:57:31,685 - INFO - Found better point: [ 0.02277181 -0.09902501  0.04137641], objective function: 0.06466384186832555, error sum: 0.01381283823868322, drops: 0
2025-07-01 05:57:34,693 - INFO - Found better point: [ 0.02277181 -0.09902501  0.04637641], objective function: 0.05600058998345017, error sum: 0.012749948419139553, drops: 0
2025-07-01 05:57:39,066 - INFO - Grid search progress: 56/80
2025-07-01 05:57:41,990 - INFO - Found better point: [ 0.02277181 -0.09235835  0.04137641], objective function: 0.04606277778067467, error sum: 0.009315930416626985, drops: 0
2025-07-01 05:57:48,967 - INFO - Grid search progress: 61/80
2025-07-01 05:57:56,298 - INFO - Grid search progress: 66/80
2025-07-01 05:58:03,588 - INFO - Grid search progress: 71/80
2025-07-01 05:58:11,184 - INFO - Grid search progress: 76/80
2025-07-01 05:58:15,590 - INFO - Found better point: [ 0.02943848 -0.09235835  0.04637641], objective function: 0.03402549867735258, error sum: 0.005263121265315344, drops: 0
2025-07-01 05:58:18,473 - INFO - Grid search progress: 80/80
2025-07-01 05:58:18,477 - INFO - Grid search complete. Best error sum: 0.005263121265315344, best drop count: 0
2025-07-01 05:58:18,477 - INFO - Starting local optimization from best grid point
2025-07-01 05:59:13,625 - INFO - Optimization result: error sum=0.00502128240165443, drop count=0, displacement=0.013707m
2025-07-01 05:59:13,625 - INFO - Optimization accepted: improved objective error
2025-07-01 05:59:13,660 - INFO - Applied optimization solution: [ 0.02867486 -0.09235835  0.04798335]. Old location: [ 0.01943848 -0.10235835  0.04637641]
2025-07-01 05:59:15,098 - INFO - After optimizing point 1: error_sum=0.00502128240165443, drop_count=0
2025-07-01 05:59:15,098 - INFO - Point 1 has significantly better error
2025-07-01 05:59:15,104 - INFO - New best point: 1 (displacement: 0.013707m)
2025-07-01 05:59:15,104 - INFO - Attempting to optimize point 2
2025-07-01 05:59:15,153 - INFO - ***Optimizing point 2 for tfl_r on coordinates ['hip_rotation_r', 'hip_flexion_r', 'hip_adduction_r']***
2025-07-01 05:59:16,571 - INFO - Initial errors: [0.0008309920053119946, 0.0020219018822110256, 0.00216838851413141]
2025-07-01 05:59:16,571 - INFO - Initial drops: [0, 0, 0]
2025-07-01 05:59:16,571 - INFO - Initial error sum: 0.00502128240165443, drop count: 0
2025-07-01 05:59:16,577 - INFO - Starting simplified grid search
2025-07-01 05:59:16,577 - INFO - Grid dimensions: 4x4x5 = 80 points
2025-07-01 05:59:17,973 - INFO - Original objective function: 0.016091301882532154
2025-07-01 05:59:19,427 - INFO - Grid search progress: 1/80
2025-07-01 05:59:26,566 - INFO - Grid search progress: 6/80
2025-07-01 05:59:33,725 - INFO - Grid search progress: 11/80
2025-07-01 05:59:40,942 - INFO - Grid search progress: 16/80
2025-07-01 05:59:48,080 - INFO - Grid search progress: 21/80
2025-07-01 05:59:55,176 - INFO - Grid search progress: 26/80
2025-07-01 06:00:02,331 - INFO - Grid search progress: 31/80
2025-07-01 06:00:09,554 - INFO - Grid search progress: 36/80
2025-07-01 06:00:16,852 - INFO - Grid search progress: 41/80
2025-07-01 06:00:23,988 - INFO - Grid search progress: 46/80
2025-07-01 06:00:31,302 - INFO - Grid search progress: 51/80
2025-07-01 06:00:38,545 - INFO - Grid search progress: 56/80
2025-07-01 06:00:45,702 - INFO - Grid search progress: 61/80
2025-07-01 06:00:52,799 - INFO - Grid search progress: 66/80
2025-07-01 06:00:59,976 - INFO - Grid search progress: 71/80
2025-07-01 06:01:07,325 - INFO - Grid search progress: 76/80
2025-07-01 06:01:13,267 - INFO - Grid search progress: 80/80
2025-07-01 06:01:13,267 - INFO - Grid search complete. Best error sum: 0.00502128240165443, best drop count: 0
2025-07-01 06:01:13,267 - INFO - Starting local optimization from best grid point
2025-07-01 06:01:36,162 - INFO - Optimization result: error sum=0.005021282401654436, drop count=0, displacement=0.000000m
2025-07-01 06:01:36,164 - INFO - Optimization solution rejected, checking grid search solution
2025-07-01 06:01:36,164 - INFO - No acceptable solution found, leaving point unchanged
2025-07-01 06:01:37,516 - INFO - After optimizing point 2: error_sum=0.00502128240165443, drop_count=0
2025-07-01 06:01:37,516 - INFO - Point 2 has similar error but is closer to original position
2025-07-01 06:01:37,516 - INFO - New best point: 2 (displacement: 0.000000m)
2025-07-01 06:01:37,541 - INFO - Best adjustment was at point 2 with error_sum=0.00502128240165443, drop_count=0
2025-07-01 06:01:37,541 - INFO - Successfully reduced error or eliminated drops
2025-07-01 06:01:37,550 - INFO - Processing knee-only muscle (right): tfl_r
2025-07-01 06:01:37,572 - INFO - Processing muscle tfl_r for coordinate knee_angle_r
2025-07-01 06:01:38,418 - INFO - Initial error: 0.003440, drop: 0
2025-07-01 06:01:38,423 - INFO - Optimizing muscle path points for tfl_r on coordinate knee_angle_r
2025-07-01 06:01:38,423 - INFO - ***Optimizing point 1 for tfl_r on coordinate knee_angle_r***
2025-07-01 06:01:38,835 - INFO - Initial m.a.error: 0.003440, initial drop: 0
2025-07-01 06:01:38,835 - INFO - Starting simplified grid search
2025-07-01 06:01:38,835 - INFO - Grid dimensions: 5x5x5 = 125 points
2025-07-01 06:01:39,287 - INFO - Original obj.funct.error 0.01970628497285301
2025-07-01 06:01:41,566 - INFO - Grid search progress: 5/125
2025-07-01 06:01:43,893 - INFO - Grid search progress: 10/125
2025-07-01 06:01:46,153 - INFO - Grid search progress: 15/125
2025-07-01 06:01:48,447 - INFO - Grid search progress: 20/125
2025-07-01 06:01:50,771 - INFO - Grid search progress: 25/125
2025-07-01 06:01:53,120 - INFO - Grid search progress: 30/125
2025-07-01 06:01:55,459 - INFO - Grid search progress: 35/125
2025-07-01 06:01:57,781 - INFO - Grid search progress: 40/125
2025-07-01 06:02:00,017 - INFO - Grid search progress: 45/125
2025-07-01 06:02:02,321 - INFO - Grid search progress: 50/125
2025-07-01 06:02:04,618 - INFO - Grid search progress: 55/125
2025-07-01 06:02:06,897 - INFO - Grid search progress: 60/125
2025-07-01 06:02:09,232 - INFO - Grid search progress: 65/125
2025-07-01 06:02:11,604 - INFO - Grid search progress: 70/125
2025-07-01 06:02:13,971 - INFO - Grid search progress: 75/125
2025-07-01 06:02:16,378 - INFO - Grid search progress: 80/125
2025-07-01 06:02:18,696 - INFO - Grid search progress: 85/125
2025-07-01 06:02:21,033 - INFO - Grid search progress: 90/125
2025-07-01 06:02:23,355 - INFO - Grid search progress: 95/125
2025-07-01 06:02:25,638 - INFO - Grid search progress: 100/125
2025-07-01 06:02:27,944 - INFO - Grid search progress: 105/125
2025-07-01 06:02:30,247 - INFO - Grid search progress: 110/125
2025-07-01 06:02:32,601 - INFO - Grid search progress: 115/125
2025-07-01 06:02:34,920 - INFO - Grid search progress: 120/125
2025-07-01 06:02:37,221 - INFO - Grid search progress: 125/125
2025-07-01 06:02:37,222 - ERROR - Error processing muscle tfl_r for coordinate knee_angle_r: cannot access local variable 'best_ma_diff_val' where it is not associated with a value
2025-07-01 06:02:37,242 - INFO -  ------------ Processing muscle 4/6: tfl_l ----------------
2025-07-01 06:02:37,260 - INFO - Processing hip joint muscle: tfl_l
2025-07-01 06:02:37,260 - INFO - Processing hip muscle tfl_l affecting coordinates: ['hip_rotation_l', 'hip_flexion_l', 'hip_adduction_l']
2025-07-01 06:02:37,260 - INFO - Processing muscle tfl_l for coordinates: ['hip_rotation_l', 'hip_flexion_l', 'hip_adduction_l']
2025-07-01 06:02:40,232 - INFO - Original errors: [0.0019404507580537854, 0.006998321002606971, 0.012629044953689455]
2025-07-01 06:02:40,233 - INFO - Original drops: [0, 0, 0]
2025-07-01 06:02:40,233 - INFO - Adjustments needed, finding common adjustable points
2025-07-01 06:02:40,234 - INFO - Found 1 common adjustable points
2025-07-01 06:02:40,234 - INFO - Attempting to optimize point 0
2025-07-01 06:02:40,264 - INFO - ***Optimizing point 0 for tfl_l on coordinates ['hip_rotation_l', 'hip_flexion_l', 'hip_adduction_l']***
2025-07-01 06:02:41,650 - INFO - Initial errors: [0.0019404507580537854, 0.006998321002606971, 0.012629044953689455]
2025-07-01 06:02:41,650 - INFO - Initial drops: [0, 0, 0]
2025-07-01 06:02:41,650 - INFO - Initial error sum: 0.02156781671435021, drop count: 0
2025-07-01 06:02:41,650 - INFO - Starting simplified grid search
2025-07-01 06:02:41,650 - INFO - Grid dimensions: 4x4x5 = 80 points
2025-07-01 06:02:43,083 - INFO - Original objective function: 0.0814987095209649
2025-07-01 06:02:44,473 - INFO - Grid search progress: 1/80
2025-07-01 06:02:51,348 - INFO - Grid search progress: 6/80
2025-07-01 06:02:58,391 - INFO - Grid search progress: 11/80
2025-07-01 06:03:05,353 - INFO - Grid search progress: 16/80
2025-07-01 06:03:12,441 - INFO - Grid search progress: 21/80
2025-07-01 06:03:19,538 - INFO - Grid search progress: 26/80
2025-07-01 06:03:26,367 - INFO - Grid search progress: 31/80
2025-07-01 06:03:33,086 - INFO - Grid search progress: 36/80
2025-07-01 06:03:39,837 - INFO - Grid search progress: 41/80
2025-07-01 06:03:41,206 - INFO - Found better point: [-0.01324074  0.00924157 -0.12455351], objective function: 0.07871757057953517, error sum: 0.015806712613520284, drops: 0
2025-07-01 06:03:43,910 - INFO - Found better point: [-0.01324074  0.00924157 -0.12205351], objective function: 0.07321010402820043, error sum: 0.01704069049022943, drops: 0
2025-07-01 06:03:49,333 - INFO - Grid search progress: 46/80
2025-07-01 06:03:52,159 - INFO - Found better point: [-0.01324074  0.0125749  -0.12205351], objective function: 0.06959691423636469, error sum: 0.017611936604268116, drops: 0
2025-07-01 06:03:57,577 - INFO - Grid search progress: 51/80
2025-07-01 06:04:04,174 - INFO - Grid search progress: 56/80
2025-07-01 06:04:10,899 - INFO - Grid search progress: 61/80
2025-07-01 06:04:12,251 - INFO - Found better point: [-0.00990741  0.00924157 -0.12455351], objective function: 0.06287994921270998, error sum: 0.012915357672960174, drops: 0
2025-07-01 06:04:14,910 - INFO - Found better point: [-0.00990741  0.00924157 -0.12205351], objective function: 0.06010609353316387, error sum: 0.014226380584642954, drops: 0
2025-07-01 06:04:20,245 - INFO - Grid search progress: 66/80
2025-07-01 06:04:21,584 - INFO - Found better point: [-0.00990741  0.0125749  -0.12455351], objective function: 0.05936289067547451, error sum: 0.014054171535593525, drops: 0
2025-07-01 06:04:28,560 - INFO - Grid search progress: 71/80
2025-07-01 06:04:29,951 - INFO - Found better point: [-0.00990741  0.01590824 -0.12455351], objective function: 0.05796133492626885, error sum: 0.015601906603774002, drops: 0
2025-07-01 06:04:36,958 - INFO - Grid search progress: 76/80
2025-07-01 06:04:42,431 - INFO - Grid search progress: 80/80
2025-07-01 06:04:42,433 - INFO - Grid search complete. Best error sum: 0.015601906603774002, best drop count: 0
2025-07-01 06:04:42,433 - INFO - Starting local optimization from best grid point
2025-07-01 06:05:34,435 - INFO - Optimization result: error sum=0.015041290463794722, drop count=0, displacement=0.006546m
2025-07-01 06:05:34,435 - INFO - Optimization accepted: improved objective error
2025-07-01 06:05:34,464 - INFO - Applied optimization solution: [-0.00990741  0.01400483 -0.12377257]. Old location: [-0.01490741  0.01424157 -0.11955351]
2025-07-01 06:05:35,913 - INFO - After optimizing point 0: error_sum=0.015041290463794722, drop_count=0
2025-07-01 06:05:35,914 - INFO - New best point: 0 (displacement: 0.006546m)
2025-07-01 06:05:35,937 - INFO - Best adjustment was at point 0 with error_sum=0.015041290463794722, drop_count=0
2025-07-01 06:05:35,937 - INFO - Successfully reduced error or eliminated drops
2025-07-01 06:05:35,949 - INFO - Processing knee-only muscle (left): tfl_l
2025-07-01 06:05:35,967 - INFO - Processing muscle tfl_l for coordinate knee_angle_l
2025-07-01 06:05:36,868 - INFO - Initial error: 0.003343, drop: 0
2025-07-01 06:05:36,868 - INFO - Optimizing muscle path points for tfl_l on coordinate knee_angle_l
2025-07-01 06:05:36,868 - INFO - ***Optimizing point 1 for tfl_l on coordinate knee_angle_l***
2025-07-01 06:05:37,317 - INFO - Initial m.a.error: 0.003343, initial drop: 0
2025-07-01 06:05:37,317 - INFO - Starting simplified grid search
2025-07-01 06:05:37,317 - INFO - Grid dimensions: 5x5x5 = 125 points
2025-07-01 06:05:37,787 - INFO - Original obj.funct.error 0.018433653016236465
2025-07-01 06:05:40,204 - INFO - Grid search progress: 5/125
2025-07-01 06:05:42,591 - INFO - Grid search progress: 10/125
2025-07-01 06:05:44,982 - INFO - Grid search progress: 15/125
2025-07-01 06:05:47,416 - INFO - Grid search progress: 20/125
2025-07-01 06:05:49,923 - INFO - Grid search progress: 25/125
2025-07-01 06:05:52,409 - INFO - Grid search progress: 30/125
2025-07-01 06:05:54,842 - INFO - Grid search progress: 35/125
2025-07-01 06:05:57,255 - INFO - Grid search progress: 40/125
2025-07-01 06:05:59,674 - INFO - Grid search progress: 45/125
2025-07-01 06:06:02,057 - INFO - Grid search progress: 50/125
2025-07-01 06:06:04,438 - INFO - Grid search progress: 55/125
2025-07-01 06:06:06,849 - INFO - Grid search progress: 60/125
2025-07-01 06:06:09,174 - INFO - Grid search progress: 65/125
2025-07-01 06:06:11,483 - INFO - Grid search progress: 70/125
2025-07-01 06:06:13,800 - INFO - Grid search progress: 75/125
2025-07-01 06:06:16,158 - INFO - Grid search progress: 80/125
2025-07-01 06:06:18,448 - INFO - Grid search progress: 85/125
2025-07-01 06:06:20,764 - INFO - Grid search progress: 90/125
2025-07-01 06:06:23,053 - INFO - Grid search progress: 95/125
2025-07-01 06:06:25,424 - INFO - Grid search progress: 100/125
2025-07-01 06:06:27,779 - INFO - Grid search progress: 105/125
2025-07-01 06:06:30,065 - INFO - Grid search progress: 110/125
2025-07-01 06:06:32,349 - INFO - Grid search progress: 115/125
2025-07-01 06:06:34,656 - INFO - Grid search progress: 120/125
2025-07-01 06:06:37,008 - INFO - Grid search progress: 125/125
2025-07-01 06:06:37,008 - ERROR - Error processing muscle tfl_l for coordinate knee_angle_l: cannot access local variable 'best_ma_diff_val' where it is not associated with a value
2025-07-01 06:06:37,026 - INFO -  ------------ Processing muscle 5/6: sart_r ----------------
2025-07-01 06:06:37,056 - INFO - Processing hip joint muscle: sart_r
2025-07-01 06:06:37,057 - INFO - Processing hip muscle sart_r affecting coordinates: ['hip_rotation_r', 'hip_flexion_r', 'hip_adduction_r']
2025-07-01 06:06:37,058 - INFO - Processing muscle sart_r for coordinates: ['hip_rotation_r', 'hip_flexion_r', 'hip_adduction_r']
2025-07-01 06:06:39,877 - INFO - Original errors: [0.001424709476287808, 0.017279305770160108, 0.008467905572079581]
2025-07-01 06:06:39,879 - INFO - Original drops: [0, 0, 0]
2025-07-01 06:06:39,880 - INFO - Adjustments needed, finding common adjustable points
2025-07-01 06:06:39,880 - INFO - Found 2 common adjustable points
2025-07-01 06:06:39,880 - INFO - Attempting to optimize point 0
2025-07-01 06:06:39,919 - INFO - ***Optimizing point 0 for sart_r on coordinates ['hip_rotation_r', 'hip_flexion_r', 'hip_adduction_r']***
2025-07-01 06:06:41,262 - INFO - Initial errors: [0.001424709476287808, 0.017279305770160108, 0.008467905572079581]
2025-07-01 06:06:41,262 - INFO - Initial drops: [0, 0, 0]
2025-07-01 06:06:41,262 - INFO - Initial error sum: 0.027171920818527498, drop count: 0
2025-07-01 06:06:41,262 - INFO - Starting simplified grid search
2025-07-01 06:06:41,271 - INFO - Grid dimensions: 4x4x5 = 80 points
2025-07-01 06:06:42,691 - INFO - Original objective function: 0.0435240714399169
2025-07-01 06:06:44,034 - INFO - Grid search progress: 1/80
2025-07-01 06:06:48,219 - INFO - Found better point: [-0.01004948 -0.0139701   0.1057808 ], objective function: 0.038059038515797415, error sum: 0.020758002199445496, drops: 0
2025-07-01 06:06:50,895 - INFO - Found better point: [-0.01004948 -0.0139701   0.1082808 ], objective function: 0.033131620304441646, error sum: 0.018460584912417442, drops: 0
2025-07-01 06:06:53,634 - INFO - Found better point: [-0.01004948 -0.0139701   0.1107808 ], objective function: 0.029485122180534486, error sum: 0.017084379441721247, drops: 0
2025-07-01 06:06:55,035 - INFO - Grid search progress: 6/80
2025-07-01 06:07:02,002 - INFO - Grid search progress: 11/80
2025-07-01 06:07:09,039 - INFO - Grid search progress: 16/80
2025-07-01 06:07:16,032 - INFO - Grid search progress: 21/80
2025-07-01 06:07:23,096 - INFO - Grid search progress: 26/80
2025-07-01 06:07:30,075 - INFO - Grid search progress: 31/80
2025-07-01 06:07:37,282 - INFO - Grid search progress: 36/80
2025-07-01 06:07:44,259 - INFO - Grid search progress: 41/80
2025-07-01 06:07:51,013 - INFO - Grid search progress: 46/80
2025-07-01 06:07:57,920 - INFO - Grid search progress: 51/80
2025-07-01 06:08:04,824 - INFO - Grid search progress: 56/80
2025-07-01 06:08:11,603 - INFO - Grid search progress: 61/80
2025-07-01 06:08:18,417 - INFO - Grid search progress: 66/80
2025-07-01 06:08:25,173 - INFO - Grid search progress: 71/80
2025-07-01 06:08:31,974 - INFO - Grid search progress: 76/80
2025-07-01 06:08:37,311 - INFO - Grid search progress: 80/80
2025-07-01 06:08:37,311 - INFO - Grid search complete. Best error sum: 0.017084379441721247, best drop count: 0
2025-07-01 06:08:37,311 - INFO - Starting local optimization from best grid point
2025-07-01 06:08:44,201 - INFO - Optimization result: error sum=0.017084379441721247, drop count=0, displacement=0.008660m
2025-07-01 06:08:44,201 - INFO - Optimization accepted: improved objective error
2025-07-01 06:08:44,245 - INFO - Applied optimization solution: [-0.01004948 -0.0139701   0.1107808 ]. Old location: [-0.00504948 -0.0089701   0.1057808 ]
2025-07-01 06:08:45,664 - INFO - After optimizing point 0: error_sum=0.017084379441721247, drop_count=0
2025-07-01 06:08:45,669 - INFO - New best point: 0 (displacement: 0.008660m)
2025-07-01 06:08:45,670 - INFO - Attempting to optimize point 1
2025-07-01 06:08:45,715 - INFO - ***Optimizing point 1 for sart_r on coordinates ['hip_rotation_r', 'hip_flexion_r', 'hip_adduction_r']***
2025-07-01 06:08:47,072 - INFO - Initial errors: [0.0019188878735795004, 0.012246817708620595, 0.0029186738595211527]
2025-07-01 06:08:47,072 - INFO - Initial drops: [0, 0, 0]
2025-07-01 06:08:47,072 - INFO - Initial error sum: 0.017084379441721247, drop count: 0
2025-07-01 06:08:47,077 - INFO - Starting simplified grid search
2025-07-01 06:08:47,077 - INFO - Grid dimensions: 4x4x5 = 80 points
2025-07-01 06:08:48,474 - INFO - Original objective function: 0.025154995161612292
2025-07-01 06:08:49,880 - INFO - Grid search progress: 1/80
2025-07-01 06:08:56,876 - INFO - Grid search progress: 6/80
2025-07-01 06:09:03,747 - INFO - Grid search progress: 11/80
2025-07-01 06:09:10,710 - INFO - Grid search progress: 16/80
2025-07-01 06:09:17,535 - INFO - Grid search progress: 21/80
2025-07-01 06:09:24,627 - INFO - Grid search progress: 26/80
2025-07-01 06:09:31,677 - INFO - Grid search progress: 31/80
2025-07-01 06:09:38,701 - INFO - Grid search progress: 36/80
2025-07-01 06:09:45,644 - INFO - Grid search progress: 41/80
2025-07-01 06:09:52,641 - INFO - Grid search progress: 46/80
2025-07-01 06:09:54,091 - INFO - Found better point: [-0.01858959 -0.33546616 -0.03943167], objective function: 0.024016407007211728, error sum: 0.01509442528683769, drops: 0
2025-07-01 06:09:56,895 - INFO - Found better point: [-0.01858959 -0.33546616 -0.03443167], objective function: 0.02369650398454129, error sum: 0.015908238630598086, drops: 0
2025-07-01 06:10:02,571 - INFO - Grid search progress: 51/80
2025-07-01 06:10:05,403 - INFO - Found better point: [-0.01858959 -0.3287995  -0.03443167], objective function: 0.023364470503995313, error sum: 0.01583253028453852, drops: 0
2025-07-01 06:10:11,328 - INFO - Grid search progress: 56/80
2025-07-01 06:10:18,595 - INFO - Grid search progress: 61/80
2025-07-01 06:10:25,699 - INFO - Grid search progress: 66/80
2025-07-01 06:10:32,843 - INFO - Grid search progress: 71/80
2025-07-01 06:10:40,161 - INFO - Grid search progress: 76/80
2025-07-01 06:10:45,926 - INFO - Grid search progress: 80/80
2025-07-01 06:10:45,926 - INFO - Grid search complete. Best error sum: 0.01583253028453852, best drop count: 0
2025-07-01 06:10:45,926 - INFO - Starting local optimization from best grid point
2025-07-01 06:11:37,909 - INFO - Optimization result: error sum=0.015579667147161639, drop count=0, displacement=0.007374m
2025-07-01 06:11:37,909 - INFO - Optimization accepted: improved objective error
2025-07-01 06:11:37,933 - INFO - Applied optimization solution: [-0.01887377 -0.33146608 -0.03611252]. Old location: [-0.02192292 -0.33213283 -0.02943167]
2025-07-01 06:11:39,352 - INFO - After optimizing point 1: error_sum=0.015579667147161639, drop_count=0
2025-07-01 06:11:39,353 - INFO - Point 1 has significantly better error
2025-07-01 06:11:39,354 - INFO - New best point: 1 (displacement: 0.007374m)
2025-07-01 06:11:39,374 - INFO - Best adjustment was at point 1 with error_sum=0.015579667147161639, drop_count=0
2025-07-01 06:11:39,375 - INFO - Successfully reduced error or eliminated drops
2025-07-01 06:11:39,386 - INFO - Processing knee-only muscle (right): sart_r
2025-07-01 06:11:39,405 - INFO - Processing muscle sart_r for coordinate knee_angle_r
2025-07-01 06:11:40,327 - INFO - Initial error: 0.012033, drop: 0
2025-07-01 06:11:40,337 - INFO - Optimizing muscle path points for sart_r on coordinate knee_angle_r
2025-07-01 06:11:40,337 - INFO - ***Optimizing point 1 for sart_r on coordinate knee_angle_r***
2025-07-01 06:11:40,776 - INFO - Initial m.a.error: 0.012033, initial drop: 0
2025-07-01 06:11:40,776 - INFO - Starting simplified grid search
2025-07-01 06:11:40,778 - INFO - Grid dimensions: 5x5x5 = 125 points
2025-07-01 06:11:41,241 - INFO - Original obj.funct.error 0.07440905162212105
2025-07-01 06:11:43,596 - INFO - Grid search progress: 5/125
2025-07-01 06:11:45,864 - INFO - Grid search progress: 10/125
2025-07-01 06:11:48,168 - INFO - Grid search progress: 15/125
2025-07-01 06:11:50,504 - INFO - Grid search progress: 20/125
2025-07-01 06:11:52,856 - INFO - Grid search progress: 25/125
2025-07-01 06:11:55,178 - INFO - Grid search progress: 30/125
2025-07-01 06:11:57,466 - INFO - Grid search progress: 35/125
2025-07-01 06:11:59,736 - INFO - Grid search progress: 40/125
2025-07-01 06:12:02,072 - INFO - Grid search progress: 45/125
2025-07-01 06:12:04,409 - INFO - Grid search progress: 50/125
2025-07-01 06:12:06,713 - INFO - Grid search progress: 55/125
2025-07-01 06:12:09,031 - INFO - Grid search progress: 60/125
2025-07-01 06:12:11,286 - INFO - Grid search progress: 65/125
2025-07-01 06:12:13,612 - INFO - Grid search progress: 70/125
2025-07-01 06:12:15,912 - INFO - Grid search progress: 75/125
2025-07-01 06:12:16,812 - INFO - New best point: [-0.01637377 -0.33646608 -0.04111252], obj.funct.error: 0.07200266179390727, m.a.error 0.010406470336602924, drop: 0
2025-07-01 06:12:18,631 - INFO - Grid search progress: 80/125
2025-07-01 06:12:20,884 - INFO - Grid search progress: 85/125
2025-07-01 06:12:23,171 - INFO - Grid search progress: 90/125
2025-07-01 06:12:25,494 - INFO - Grid search progress: 95/125
2025-07-01 06:12:27,733 - INFO - Grid search progress: 100/125
2025-07-01 06:12:28,629 - INFO - New best point: [-0.01387377 -0.33646608 -0.04111252], obj.funct.error: 0.06902237422010404, m.a.error 0.007932003601269156, drop: 0
2025-07-01 06:12:30,470 - INFO - Grid search progress: 105/125
2025-07-01 06:12:32,721 - INFO - Grid search progress: 110/125
2025-07-01 06:12:35,006 - INFO - Grid search progress: 115/125
2025-07-01 06:12:37,293 - INFO - Grid search progress: 120/125
2025-07-01 06:12:39,593 - INFO - Grid search progress: 125/125
2025-07-01 06:12:39,594 - INFO - Grid search complete. Best m.a.error: 0.007932003601269156, best drop: 0
2025-07-01 06:12:39,594 - INFO - Starting local optimization from best grid point
2025-07-01 06:12:53,184 - INFO - Optimization result: optim.func.val 0.06666242104361149, m.a.error=0.008324, drop=0, displacement=0.008442m
2025-07-01 06:12:53,184 - INFO - Solution accepted: Significant ma improvement (>10%)
2025-07-01 06:12:53,184 - INFO - Solution accepted: Smaller error and zero drop
2025-07-01 06:12:53,212 - INFO - Applied new location: [-0.01426297 -0.33646608 -0.04111252]. Old location: [-0.01887377 -0.33146608 -0.03611252]
2025-07-01 06:12:53,220 - INFO - ***Optimizing point 2 for sart_r on coordinate knee_angle_r***
2025-07-01 06:12:53,652 - INFO - Initial m.a.error: 0.008324, initial drop: 0
2025-07-01 06:12:53,652 - INFO - Starting simplified grid search
2025-07-01 06:12:53,652 - INFO - Grid dimensions: 5x5x5 = 125 points
2025-07-01 06:12:54,117 - INFO - Original obj.funct.error 0.062441654260178836
2025-07-01 06:12:56,406 - INFO - Grid search progress: 5/125
2025-07-01 06:12:58,712 - INFO - Grid search progress: 10/125
2025-07-01 06:13:01,011 - INFO - Grid search progress: 15/125
2025-07-01 06:13:03,316 - INFO - Grid search progress: 20/125
2025-07-01 06:13:05,574 - INFO - Grid search progress: 25/125
2025-07-01 06:13:07,896 - INFO - Grid search progress: 30/125
2025-07-01 06:13:10,258 - INFO - Grid search progress: 35/125
2025-07-01 06:13:12,578 - INFO - Grid search progress: 40/125
2025-07-01 06:13:14,847 - INFO - Grid search progress: 45/125
2025-07-01 06:13:17,154 - INFO - Grid search progress: 50/125
2025-07-01 06:13:19,457 - INFO - Grid search progress: 55/125
2025-07-01 06:13:21,745 - INFO - Grid search progress: 60/125
2025-07-01 06:13:24,096 - INFO - Grid search progress: 65/125
2025-07-01 06:13:26,450 - INFO - Grid search progress: 70/125
2025-07-01 06:13:28,772 - INFO - Grid search progress: 75/125
2025-07-01 06:13:30,158 - INFO - New best point: [-0.01993608 -0.04299913 -0.04625548], obj.funct.error: 0.05256261333084988, m.a.error 0.00588695873243934, drop: 0
2025-07-01 06:13:31,534 - INFO - Grid search progress: 80/125
2025-07-01 06:13:33,814 - INFO - New best point: [-0.01993608 -0.04049913 -0.04125548], obj.funct.error: 0.046672071250696175, m.a.error 0.004881992768985936, drop: 0
2025-07-01 06:13:34,262 - INFO - Grid search progress: 85/125
2025-07-01 06:13:34,712 - INFO - New best point: [-0.01993608 -0.04049913 -0.03875548], obj.funct.error: 0.044981100015109916, m.a.error 0.0047201725663206726, drop: 0
2025-07-01 06:13:37,011 - INFO - Grid search progress: 90/125
2025-07-01 06:13:39,306 - INFO - Grid search progress: 95/125
2025-07-01 06:13:41,625 - INFO - Grid search progress: 100/125
2025-07-01 06:13:43,025 - INFO - New best point: [-0.01743608 -0.04299913 -0.04625548], obj.funct.error: 0.038573164600402714, m.a.error 0.0047052583177414715, drop: 0
2025-07-01 06:13:43,966 - INFO - New best point: [-0.01743608 -0.04299913 -0.04375548], obj.funct.error: 0.024603628479096418, m.a.error 0.0039804218297209626, drop: 0
2025-07-01 06:13:44,861 - INFO - Grid search progress: 105/125
2025-07-01 06:13:45,328 - INFO - New best point: [-0.01743608 -0.04299913 -0.03875548], obj.funct.error: 0.017664757761530932, m.a.error 0.003284775941270034, drop: 0
2025-07-01 06:13:47,598 - INFO - Grid search progress: 110/125
2025-07-01 06:13:49,869 - INFO - Grid search progress: 115/125
2025-07-01 06:13:52,126 - INFO - Grid search progress: 120/125
2025-07-01 06:13:54,360 - INFO - Grid search progress: 125/125
2025-07-01 06:13:54,360 - INFO - Grid search complete. Best m.a.error: 0.003284775941270034, best drop: 0
2025-07-01 06:13:54,360 - INFO - Starting local optimization from best grid point
2025-07-01 06:14:12,904 - INFO - Optimization result: optim.func.val 0.016973460791419818, m.a.error=0.003434, drop=0, displacement=0.008147m
2025-07-01 06:14:12,904 - INFO - Solution accepted: Significant ma improvement (>10%)
2025-07-01 06:14:12,904 - INFO - Solution accepted: Smaller error and zero drop
2025-07-01 06:14:12,929 - INFO - Applied new location: [-0.01777902 -0.04299913 -0.03931788]. Old location: [-0.02243608 -0.03799913 -0.04375548]
2025-07-01 06:14:12,940 - INFO - ***Optimizing point 3 for sart_r on coordinate knee_angle_r***
2025-07-01 06:14:13,375 - INFO - Initial m.a.error: 0.003434, initial drop: 0
2025-07-01 06:14:13,375 - INFO - Starting simplified grid search
2025-07-01 06:14:13,375 - INFO - Grid dimensions: 5x5x5 = 125 points
2025-07-01 06:14:13,855 - INFO - Original obj.funct.error 0.012899750130988187
2025-07-01 06:14:16,194 - INFO - Grid search progress: 5/125
2025-07-01 06:14:18,563 - INFO - Grid search progress: 10/125
2025-07-01 06:14:20,918 - INFO - Grid search progress: 15/125
2025-07-01 06:14:23,286 - INFO - Grid search progress: 20/125
2025-07-01 06:14:25,700 - INFO - Grid search progress: 25/125
2025-07-01 06:14:28,060 - INFO - Grid search progress: 30/125
2025-07-01 06:14:30,398 - INFO - Grid search progress: 35/125
2025-07-01 06:14:32,750 - INFO - Grid search progress: 40/125
2025-07-01 06:14:35,171 - INFO - Grid search progress: 45/125
2025-07-01 06:14:37,591 - INFO - Grid search progress: 50/125
2025-07-01 06:14:39,979 - INFO - Grid search progress: 55/125
2025-07-01 06:14:42,314 - INFO - Grid search progress: 60/125
2025-07-01 06:14:44,636 - INFO - Grid search progress: 65/125
2025-07-01 06:14:46,992 - INFO - Grid search progress: 70/125
2025-07-01 06:14:49,376 - INFO - Grid search progress: 75/125
2025-07-01 06:14:51,730 - INFO - Grid search progress: 80/125
2025-07-01 06:14:54,097 - INFO - Grid search progress: 85/125
2025-07-01 06:14:56,440 - INFO - Grid search progress: 90/125
2025-07-01 06:14:58,791 - INFO - Grid search progress: 95/125
2025-07-01 06:15:01,178 - INFO - Grid search progress: 100/125
2025-07-01 06:15:03,529 - INFO - Grid search progress: 105/125
2025-07-01 06:15:05,908 - INFO - Grid search progress: 110/125
2025-07-01 06:15:08,305 - INFO - Grid search progress: 115/125
2025-07-01 06:15:10,665 - INFO - Grid search progress: 120/125
2025-07-01 06:15:13,080 - INFO - Grid search progress: 125/125
2025-07-01 06:15:13,080 - ERROR - Error processing muscle sart_r for coordinate knee_angle_r: cannot access local variable 'best_ma_diff_val' where it is not associated with a value
2025-07-01 06:15:13,115 - INFO -  ------------ Processing muscle 6/6: sart_l ----------------
2025-07-01 06:15:13,132 - INFO - Processing hip joint muscle: sart_l
2025-07-01 06:15:13,133 - INFO - Processing hip muscle sart_l affecting coordinates: ['hip_rotation_l', 'hip_flexion_l', 'hip_adduction_l']
2025-07-01 06:15:13,134 - INFO - Processing muscle sart_l for coordinates: ['hip_rotation_l', 'hip_flexion_l', 'hip_adduction_l']
2025-07-01 06:15:16,100 - INFO - Original errors: [0.002225986521584606, 0.01552721973801854, 0.009290742605915218]
2025-07-01 06:15:16,100 - INFO - Original drops: [0, 0, 0]
2025-07-01 06:15:16,100 - INFO - Adjustments needed, finding common adjustable points
2025-07-01 06:15:16,100 - INFO - Found 1 common adjustable points
2025-07-01 06:15:16,100 - INFO - Attempting to optimize point 0
2025-07-01 06:15:16,141 - INFO - ***Optimizing point 0 for sart_l on coordinates ['hip_rotation_l', 'hip_flexion_l', 'hip_adduction_l']***
2025-07-01 06:15:17,519 - INFO - Initial errors: [0.002225986521584606, 0.01552721973801854, 0.009290742605915218]
2025-07-01 06:15:17,519 - INFO - Initial drops: [0, 0, 0]
2025-07-01 06:15:17,519 - INFO - Initial error sum: 0.027043948865518364, drop count: 0
2025-07-01 06:15:17,519 - INFO - Starting simplified grid search
2025-07-01 06:15:17,533 - INFO - Grid dimensions: 4x4x5 = 80 points
2025-07-01 06:15:18,963 - INFO - Original objective function: 0.04794333108118577
2025-07-01 06:15:20,359 - INFO - Grid search progress: 1/80
2025-07-01 06:15:21,776 - INFO - Found better point: [-0.01065845 -0.01444405 -0.10457542], objective function: 0.03353862050403365, error sum: 0.01652299004056352, drops: 0
2025-07-01 06:15:28,787 - INFO - Grid search progress: 6/80
2025-07-01 06:15:35,647 - INFO - Grid search progress: 11/80
2025-07-01 06:15:42,677 - INFO - Grid search progress: 16/80
2025-07-01 06:15:49,671 - INFO - Grid search progress: 21/80
2025-07-01 06:15:57,030 - INFO - Grid search progress: 26/80
2025-07-01 06:16:04,422 - INFO - Grid search progress: 31/80
2025-07-01 06:16:11,456 - INFO - Grid search progress: 36/80
2025-07-01 06:16:18,650 - INFO - Grid search progress: 41/80
2025-07-01 06:16:25,777 - INFO - Grid search progress: 46/80
2025-07-01 06:16:32,982 - INFO - Grid search progress: 51/80
2025-07-01 06:16:40,081 - INFO - Grid search progress: 56/80
2025-07-01 06:16:47,379 - INFO - Grid search progress: 61/80
2025-07-01 06:16:54,589 - INFO - Grid search progress: 66/80
2025-07-01 06:17:01,981 - INFO - Grid search progress: 71/80
2025-07-01 06:17:09,325 - INFO - Grid search progress: 76/80
2025-07-01 06:17:15,175 - INFO - Grid search progress: 80/80
2025-07-01 06:17:15,175 - INFO - Grid search complete. Best error sum: 0.01652299004056352, best drop count: 0
2025-07-01 06:17:15,175 - INFO - Starting local optimization from best grid point
2025-07-01 06:17:22,561 - INFO - Optimization result: error sum=0.01652299004056352, drop count=0, displacement=0.008660m
2025-07-01 06:17:22,561 - INFO - Optimization accepted: improved objective error
2025-07-01 06:17:22,588 - INFO - Applied optimization solution: [-0.01065845 -0.01444405 -0.10457542]. Old location: [-0.00565845 -0.00944405 -0.09957542]
2025-07-01 06:17:24,084 - INFO - After optimizing point 0: error_sum=0.01652299004056352, drop_count=0
2025-07-01 06:17:24,084 - INFO - New best point: 0 (displacement: 0.008660m)
2025-07-01 06:17:24,103 - INFO - Best adjustment was at point 0 with error_sum=0.01652299004056352, drop_count=0
2025-07-01 06:17:24,103 - INFO - Successfully reduced error or eliminated drops
2025-07-01 06:17:24,117 - INFO - Processing knee-only muscle (left): sart_l
2025-07-01 06:17:24,138 - INFO - Processing muscle sart_l for coordinate knee_angle_l
2025-07-01 06:17:25,100 - INFO - Initial error: 0.019352, drop: 0
2025-07-01 06:17:25,100 - INFO - Optimizing muscle path points for sart_l on coordinate knee_angle_l
2025-07-01 06:17:25,100 - INFO - ***Optimizing point 1 for sart_l on coordinate knee_angle_l***
2025-07-01 06:17:25,556 - INFO - Initial m.a.error: 0.019352, initial drop: 0
2025-07-01 06:17:25,556 - INFO - Starting simplified grid search
2025-07-01 06:17:25,556 - INFO - Grid dimensions: 5x5x5 = 125 points
2025-07-01 06:17:26,042 - INFO - Original obj.funct.error 0.0861348010175263
2025-07-01 06:17:28,488 - INFO - Grid search progress: 5/125
2025-07-01 06:17:30,972 - INFO - Grid search progress: 10/125
2025-07-01 06:17:33,415 - INFO - Grid search progress: 15/125
2025-07-01 06:17:35,855 - INFO - Grid search progress: 20/125
2025-07-01 06:17:38,307 - INFO - Grid search progress: 25/125
2025-07-01 06:17:40,739 - INFO - Grid search progress: 30/125
2025-07-01 06:17:43,227 - INFO - Grid search progress: 35/125
2025-07-01 06:17:45,663 - INFO - Grid search progress: 40/125
2025-07-01 06:17:48,120 - INFO - Grid search progress: 45/125
2025-07-01 06:17:50,587 - INFO - Grid search progress: 50/125
2025-07-01 06:17:53,041 - INFO - Grid search progress: 55/125
2025-07-01 06:17:55,481 - INFO - Grid search progress: 60/125
2025-07-01 06:17:57,915 - INFO - Grid search progress: 65/125
2025-07-01 06:18:00,319 - INFO - Grid search progress: 70/125
2025-07-01 06:18:02,777 - INFO - Grid search progress: 75/125
2025-07-01 06:18:05,192 - INFO - Grid search progress: 80/125
2025-07-01 06:18:07,117 - INFO - New best point: [-0.02611641 -0.34250417  0.02600183], obj.funct.error: 0.08600158238802717, m.a.error 0.018621208318914617, drop: 0
2025-07-01 06:18:08,081 - INFO - Grid search progress: 85/125
2025-07-01 06:18:10,554 - INFO - Grid search progress: 90/125
2025-07-01 06:18:12,003 - INFO - New best point: [-0.02611641 -0.33750417  0.02350183], obj.funct.error: 0.0851583402277943, m.a.error 0.017455566901208027, drop: 0
2025-07-01 06:18:12,987 - INFO - New best point: [-0.02611641 -0.33750417  0.02600183], obj.funct.error: 0.084584312450012, m.a.error 0.017481219680160275, drop: 0
2025-07-01 06:18:13,973 - INFO - Grid search progress: 95/125
2025-07-01 06:18:16,460 - INFO - Grid search progress: 100/125
2025-07-01 06:18:18,931 - INFO - Grid search progress: 105/125
2025-07-01 06:18:21,388 - INFO - Grid search progress: 110/125
2025-07-01 06:18:23,887 - INFO - Grid search progress: 115/125
2025-07-01 06:18:25,858 - INFO - New best point: [-0.02361641 -0.33750417  0.02600183], obj.funct.error: 0.0839104348604252, m.a.error 0.016157200431325628, drop: 0
2025-07-01 06:18:26,863 - INFO - New best point: [-0.02361641 -0.33750417  0.02850183], obj.funct.error: 0.08374918407625684, m.a.error 0.016152054326576612, drop: 0
2025-07-01 06:18:27,360 - INFO - Grid search progress: 120/125
2025-07-01 06:18:29,841 - INFO - Grid search progress: 125/125
2025-07-01 06:18:29,841 - INFO - Grid search complete. Best m.a.error: 0.016152054326576612, best drop: 0
2025-07-01 06:18:29,841 - INFO - Starting local optimization from best grid point
2025-07-01 06:18:57,372 - INFO - Optimization result: optim.func.val 0.08337103583085542, m.a.error=0.016083, drop=0, displacement=0.006015m
2025-07-01 06:18:57,372 - INFO - Solution accepted: Significant ma improvement (>10%)
2025-07-01 06:18:57,372 - INFO - Solution accepted: Smaller error and zero drop
2025-07-01 06:18:57,395 - INFO - Applied new location: [-0.02361641 -0.33711318  0.02768273]. Old location: [-0.02861641 -0.34000417  0.02600183]
2025-07-01 06:18:57,411 - INFO - ***Optimizing point 2 for sart_l on coordinate knee_angle_l***
2025-07-01 06:18:57,840 - INFO - Initial m.a.error: 0.016083, initial drop: 0
2025-07-01 06:18:57,840 - INFO - Starting simplified grid search
2025-07-01 06:18:57,840 - INFO - Grid dimensions: 5x5x5 = 125 points
2025-07-01 06:18:58,327 - INFO - Original obj.funct.error 0.08036341075146346
2025-07-01 06:19:00,744 - INFO - Grid search progress: 5/125
2025-07-01 06:19:03,084 - INFO - Grid search progress: 10/125
2025-07-01 06:19:05,485 - INFO - Grid search progress: 15/125
2025-07-01 06:19:07,882 - INFO - Grid search progress: 20/125
2025-07-01 06:19:10,276 - INFO - Grid search progress: 25/125
2025-07-01 06:19:12,629 - INFO - Grid search progress: 30/125
2025-07-01 06:19:15,016 - INFO - Grid search progress: 35/125
2025-07-01 06:19:17,343 - INFO - Grid search progress: 40/125
2025-07-01 06:19:19,656 - INFO - Grid search progress: 45/125
2025-07-01 06:19:21,931 - INFO - Grid search progress: 50/125
2025-07-01 06:19:22,828 - INFO - New best point: [-0.02285444 -0.04129322  0.04061261], obj.funct.error: 0.07954386784310466, m.a.error 0.013997799810992664, drop: 0
2025-07-01 06:19:24,647 - INFO - Grid search progress: 55/125
2025-07-01 06:19:26,984 - INFO - Grid search progress: 60/125
2025-07-01 06:19:29,307 - INFO - Grid search progress: 65/125
2025-07-01 06:19:31,594 - INFO - Grid search progress: 70/125
2025-07-01 06:19:33,895 - INFO - Grid search progress: 75/125
2025-07-01 06:19:34,796 - INFO - New best point: [-0.02035444 -0.04129322  0.04061261], obj.funct.error: 0.0777928940409081, m.a.error 0.012262544903959803, drop: 0
2025-07-01 06:19:36,732 - INFO - Grid search progress: 80/125
2025-07-01 06:19:39,136 - INFO - Grid search progress: 85/125
2025-07-01 06:19:41,557 - INFO - Grid search progress: 90/125
2025-07-01 06:19:43,926 - INFO - Grid search progress: 95/125
2025-07-01 06:19:46,281 - INFO - Grid search progress: 100/125
2025-07-01 06:19:47,218 - INFO - New best point: [-0.01785444 -0.04129322  0.04061261], obj.funct.error: 0.07651580067219249, m.a.error 0.010680311800115644, drop: 0
2025-07-01 06:19:48,136 - INFO - New best point: [-0.01785444 -0.04129322  0.04311261], obj.funct.error: 0.07629762153943706, m.a.error 0.011188589109472393, drop: 0
2025-07-01 06:19:49,569 - INFO - Grid search progress: 105/125
2025-07-01 06:19:51,974 - INFO - Grid search progress: 110/125
2025-07-01 06:19:54,362 - INFO - Grid search progress: 115/125
2025-07-01 06:19:56,724 - INFO - Grid search progress: 120/125
2025-07-01 06:19:59,018 - INFO - Grid search progress: 125/125
2025-07-01 06:19:59,018 - INFO - Grid search complete. Best m.a.error: 0.011188589109472393, best drop: 0
2025-07-01 06:19:59,018 - INFO - Starting local optimization from best grid point
2025-07-01 06:20:15,247 - INFO - Optimization result: optim.func.val 0.07554902951865983, m.a.error=0.011023, drop=0, displacement=0.008345m
2025-07-01 06:20:15,247 - INFO - Solution accepted: Significant ma improvement (>10%)
2025-07-01 06:20:15,247 - INFO - Solution accepted: Smaller error and zero drop
2025-07-01 06:20:15,268 - INFO - Applied new location: [-0.01842322 -0.04129322  0.04061261]. Old location: [-0.02285444 -0.03629322  0.04561261]
2025-07-01 06:20:15,281 - INFO - ***Optimizing point 3 for sart_l on coordinate knee_angle_l***
2025-07-01 06:20:15,692 - INFO - Initial m.a.error: 0.011023, initial drop: 0
2025-07-01 06:20:15,692 - INFO - Starting simplified grid search
2025-07-01 06:20:15,692 - INFO - Grid dimensions: 5x5x5 = 125 points
2025-07-01 06:20:16,169 - INFO - Original obj.funct.error 0.07137662723192656
2025-07-01 06:20:18,505 - INFO - Grid search progress: 5/125
2025-07-01 06:20:20,804 - INFO - Grid search progress: 10/125
2025-07-01 06:20:23,089 - INFO - Grid search progress: 15/125
2025-07-01 06:20:25,340 - INFO - Grid search progress: 20/125
2025-07-01 06:20:27,684 - INFO - Grid search progress: 25/125
2025-07-01 06:20:30,014 - INFO - Grid search progress: 30/125
2025-07-01 06:20:32,297 - INFO - Grid search progress: 35/125
2025-07-01 06:20:34,554 - INFO - Grid search progress: 40/125
2025-07-01 06:20:36,826 - INFO - Grid search progress: 45/125
2025-07-01 06:20:39,167 - INFO - Grid search progress: 50/125
2025-07-01 06:20:41,518 - INFO - Grid search progress: 55/125
2025-07-01 06:20:43,888 - INFO - Grid search progress: 60/125
2025-07-01 06:20:46,272 - INFO - Grid search progress: 65/125
2025-07-01 06:20:48,643 - INFO - Grid search progress: 70/125
2025-07-01 06:20:50,980 - INFO - Grid search progress: 75/125
2025-07-01 06:20:53,335 - INFO - Grid search progress: 80/125
2025-07-01 06:20:55,739 - INFO - Grid search progress: 85/125
2025-07-01 06:20:58,131 - INFO - Grid search progress: 90/125
2025-07-01 06:21:00,478 - INFO - Grid search progress: 95/125
2025-07-01 06:21:02,854 - INFO - Grid search progress: 100/125
2025-07-01 06:21:05,185 - INFO - Grid search progress: 105/125
2025-07-01 06:21:07,606 - INFO - Grid search progress: 110/125
2025-07-01 06:21:10,044 - INFO - Grid search progress: 115/125
2025-07-01 06:21:12,455 - INFO - Grid search progress: 120/125
2025-07-01 06:21:14,840 - INFO - Grid search progress: 125/125
2025-07-01 06:21:14,840 - ERROR - Error processing muscle sart_l for coordinate knee_angle_l: cannot access local variable 'best_ma_diff_val' where it is not associated with a value
2025-07-01 06:21:14,851 - INFO - Saving adjusted model to ../final_results/personalized/tps_optimised.osim
2025-07-01 06:21:14,865 - INFO - Saving adjusted model to ../final_results/personalized/tps_optimised.osim
2025-07-01 06:21:14,893 - INFO - Model saved successfully
2025-07-01 06:21:14,893 - INFO - Optimization completed successfully.
2025-07-01 06:21:14,894 - INFO - Completed processing

